<?xml version="1.0" encoding="UTF-8"?>
<testsuite xmlns:xsi="http://www.w3.org/2001/XMLSchema-instance" xsi:noNamespaceSchemaLocation="https://maven.apache.org/surefire/maven-surefire-plugin/xsd/surefire-test-report.xsd" version="3.0.2" name="fr.isen.java2.db.daos.MovieDaoTestCase" time="0.488" tests="3" errors="0" skipped="0" failures="0">
  <properties>
[...]
</properties>
  <testcase name="shouldListMoviesByGenre" classname="fr.isen.java2.db.daos.MovieDaoTestCase" time="0.314"/>
  <testcase name="shouldListMovies" classname="fr.isen.java2.db.daos.MovieDaoTestCase" time="0.094"/>
  <testcase name="shouldAddMovie" classname="fr.isen.java2.db.daos.MovieDaoTestCase" time="0.048"/>
</testsuite>